ERROR 2024-10-05 11:44:37,473 log Internal Server Error: /product_management
Traceback (most recent call last):
  File "C:\Users\muham\OneDrive\Desktop\resumes\Inventory\env\Lib\site-packages\django\core\handlers\exception.py", line 55, in inner
    response = get_response(request)
               ^^^^^^^^^^^^^^^^^^^^^
  File "C:\Users\muham\OneDrive\Desktop\resumes\Inventory\env\Lib\site-packages\django\core\handlers\base.py", line 197, in _get_response
    response = wrapped_callback(request, *callback_args, **callback_kwargs)
               ^^^^^^^^^^^^^^^^^^^^^^^^^^^^^^^^^^^^^^^^^^^^^^^^^^^^^^^^^^^^
  File "C:\Users\muham\OneDrive\Desktop\resumes\Inventory\env\Lib\site-packages\django\views\decorators\csrf.py", line 65, in _view_wrapper
    return view_func(request, *args, **kwargs)
           ^^^^^^^^^^^^^^^^^^^^^^^^^^^^^^^^^^^
  File "C:\Users\muham\OneDrive\Desktop\resumes\Inventory\env\Lib\site-packages\django\views\generic\base.py", line 104, in view
    return self.dispatch(request, *args, **kwargs)
           ^^^^^^^^^^^^^^^^^^^^^^^^^^^^^^^^^^^^^^^
  File "C:\Users\muham\OneDrive\Desktop\resumes\Inventory\env\Lib\site-packages\rest_framework\views.py", line 511, in dispatch
    self.response = self.finalize_response(request, response, *args, **kwargs)
                    ^^^^^^^^^^^^^^^^^^^^^^^^^^^^^^^^^^^^^^^^^^^^^^^^^^^^^^^^^^
  File "C:\Users\muham\OneDrive\Desktop\resumes\Inventory\env\Lib\site-packages\rest_framework\views.py", line 423, in finalize_response
    assert isinstance(response, HttpResponseBase), (
AssertionError: Expected a `Response`, `HttpResponse` or `StreamingHttpResponse` to be returned from the view, but received a `<class 'NoneType'>`
ERROR 2024-10-05 11:48:37,686 views Item ID: None not found.
ERROR 2024-10-05 11:50:18,758 views Item ID: None not found.
ERROR 2024-10-05 11:55:04,148 views Item ID: None not found.
ERROR 2024-10-05 11:55:48,863 views Item ID: None not found.
ERROR 2024-10-05 12:01:17,570 log Not Implemented: /product_management
ERROR 2024-10-05 12:16:26,249 views Item ID: 1000 not found.
ERROR 2024-10-05 12:16:41,524 views Item ID: 1 not found.
ERROR 2024-10-05 12:17:28,582 views Item ID: 1 not found.
ERROR 2024-10-05 12:18:06,248 views Item ID: 1 not found.
ERROR 2024-10-05 12:18:29,228 views Item ID: 1 not found.
ERROR 2024-10-05 12:18:52,456 views Item ID: 1 not found.
ERROR 2024-10-05 12:19:14,042 views Item ID: 1 not found.
ERROR 2024-10-05 12:21:23,590 views Item ID: 1 not found.
ERROR 2024-10-05 12:23:03,451 views Item ID: 1 not found.
ERROR 2024-10-05 12:23:42,074 views Item ID: 1 not found.
ERROR 2024-10-05 12:24:06,820 views Item ID: 1 not found.
ERROR 2024-10-05 12:26:19,256 views Item ID: 1 not found.
ERROR 2024-10-05 12:28:30,216 views Item ID: 1 not found.
ERROR 2024-10-05 12:28:48,920 views Item ID: 1 not found.
ERROR 2024-10-05 12:30:23,833 views Item ID: 1 not found.
ERROR 2024-10-05 12:30:55,154 views Item ID: 1 not found.
ERROR 2024-10-05 12:31:34,712 views Item ID: 1 not found.
ERROR 2024-10-05 12:32:13,042 views Item ID: 1 not found.
ERROR 2024-10-05 12:32:30,563 views Item ID: 1 not found.
ERROR 2024-10-05 12:32:49,305 views Item ID: 1 not found.
